<?xml version="1.0" encoding="UTF-8"?>
<!-- Generated by org.testng.reporters.JUnitXMLReporter -->
<testsuite ignored="0" hostname="NahirJamal" failures="0" tests="4" name="Test" time="59.732" errors="0" timestamp="2022-06-07T14:29:44 EET">
  <testcase classname="Pages.Login" name="Login_All_fields_empty" time="0.646"/>
  <testcase classname="Pages.Login" name="Login_Correct_username_AndWrong_password" time="1.196"/>
  <testcase classname="Pages.Login" name="Login_Valid_Data" time="1.707"/>
  <testcase classname="Pages.Login" name="Login_Wrong_username_Correct_password" time="0.968"/>
</testsuite> <!-- Test -->
