<?xml version="1.0" encoding="UTF-8"?>
<!-- Generated by org.testng.reporters.JUnitXMLReporter -->
<testsuite ignored="0" hostname="NahirJamal" failures="0" tests="72" name="Test" time="947.1" errors="0" timestamp="2022-06-14T15:19:28 EET">
  <testcase classname="Pages.Login" name="Login_All_fields_empty" time="0.366"/>
  <testcase classname="Pages.Login" name="Login_Correct_username_AndWrong_password" time="0.82"/>
  <testcase classname="Pages.Login" name="Login_Valid_Data" time="1.133"/>
  <testcase classname="Pages.Login" name="Login_Wrong_username_Correct_password" time="0.766"/>
  <testcase classname="Pages.SignUP" name="BackButton" time="0.382"/>
  <testcase classname="Pages.SignUP" name="SignUP_All_fields_empty" time="0.566"/>
  <testcase classname="Pages.SignUP" name="SignUP_Check_System_TerminateSpacesFrom_Mail" time="1.785"/>
  <testcase classname="Pages.SignUP" name="SignUP_CorrectData_Butinsert_NumbersandSymbols_in_name" time="1.765"/>
  <testcase classname="Pages.SignUP" name="SignUP_CorrectData_Butinsert_Wrong_Format_in_Mail" time="1.453"/>
  <testcase classname="Pages.SignUP" name="SignUP_CorrectData_Butinsert_Wrong_Format_in_URL" time="1.47"/>
  <testcase classname="Pages.SignUP" name="SignUP_CorrectData_Butinsert_differentValuesin_password_and_confirmpassword" time="1.55"/>
  <testcase classname="Pages.SignUP" name="SignUP_CorrectData_Butinsert_email_exist_before_in_Mail" time="1.62"/>
  <testcase classname="Pages.SignUP" name="SignUP_CorrectData_Butinsert_lettersandsymbols_in_phone" time="1.678"/>
  <testcase classname="Pages.SignUP" name="SignUP_CorrectData_Butinsert_numberWhichExistBefore_in_phone" time="3.004"/>
  <testcase classname="Pages.SignUP" name="SignUP_CorrectData_Butinsert_spaces_only_in_name" time="2.01"/>
  <testcase classname="Pages.SignUP" name="SignUP_CorrectData_Butinsert_value_Greater_than_maximum_limitation_in_password" time="2.724"/>
  <testcase classname="Pages.SignUP" name="SignUP_CorrectData_Butinsert_value_Greater_than_maximum_limitation_in_phone" time="1.52"/>
  <testcase classname="Pages.SignUP" name="SignUP_CorrectData_Butinsert_value_less_than_minimum_limitation_in_password" time="1.34"/>
  <testcase classname="Pages.SignUP" name="SignUP_CorrectData_Butinsert_value_less_than_minimum_limitation_in_phone" time="1.327"/>
  <testcase classname="Pages.SignUP" name="SignUP_ValidData" time="2.868"/>
  <testcase classname="Pages.SignUP" name="SignUP_ValidData_WithInsert_any_data_In_Description" time="1.831"/>
  <testcase classname="Pages.Invoices" name="Download_Invoice" time="2.874"/>
  <testcase classname="Pages.Invoices" name="Invoice_Details" time="2.605"/>
  <testcase classname="Pages.Invoices" name="Pay_InvoiceWith_correctData_AndChoose_CreditCard" time="7.368"/>
  <testcase classname="Pages.Invoices" name="Pay_InvoiceWith_correctData_Buinsert_LettersAndSymbols_InField_Phone" time="1.891"/>
  <testcase classname="Pages.Invoices" name="Pay_InvoiceWith_correctData_Buinsert_SpacesInField_LastName" time="1.719"/>
  <testcase classname="Pages.Invoices" name="Pay_InvoiceWith_correctData_Buinsert_SymbolsAndNumbersInField_FirstName" time="1.918"/>
  <testcase classname="Pages.Invoices" name="Pay_InvoiceWith_correctData_Buinsert_SymbolsAndNumbersInField_LastName" time="4.504"/>
  <testcase classname="Pages.Invoices" name="Pay_InvoiceWith_correctData_Buinsert_WrongFormat_inFieldEmail" time="1.573"/>
  <testcase classname="Pages.Invoices" name="Pay_InvoiceWith_correctData_Buinsert_Wronglimitation_InField_Phone" time="2.559"/>
  <testcase classname="Pages.Invoices" name="Pay_InvoiceWith_correctData_Buinsert_spacesInField_FirstName" time="4.172"/>
  <testcase classname="Pages.Exportand_Import_Excel" name="Click_UploadFile_Without_chooseFile" time="1.601"/>
  <testcase classname="Pages.Exportand_Import_Excel" name="ExportExcel_And_BulkUpdate" time="3.404"/>
  <testcase classname="Pages.Exportand_Import_Excel" name="Upload_wrong_file_type" time="2.557"/>
  <testcase classname="Pages.Cookies" name="Cookies_Auditechnology" time="11.61"/>
  <testcase classname="Pages.Cookies" name="Cookies_Carina" time="10.078"/>
  <testcase classname="Pages.Cookies" name="Cookies_Entertainer" time="15.001"/>
  <testcase classname="Pages.Cookies" name="Cookies_alsharifbeaute" time="13.415"/>
  <testcase classname="Pages.Cookies" name="Cookies_cdejewelry" time="7.434"/>
  <testcase classname="Pages.Cookies" name="Cookies_footcourt" time="11.387"/>
  <testcase classname="Pages.Cookies" name="Cookies_magmasport" time="25.394"/>
  <testcase classname="Pages.Cookies" name="Cookies_melouk" time="11.35"/>
  <testcase classname="Pages.Cookies" name="Cookies_msou" time="12.38"/>
  <testcase classname="Pages.Cookies" name="Cookies_olife" time="18.336"/>
  <testcase classname="Pages.EditOrder_In_TFK" name="CheckThat_OrderID_Disabled" time="0.036"/>
  <testcase classname="Pages.EditOrder_In_TFK" name="ValidData_WithInsert_NegativeNumber_In_OrderCommission" time="1.033"/>
  <testcase classname="Pages.EditOrder_In_TFK" name="ValidData_WithInsert_NegativeNumber_In_OrderDiscount" time="0.863"/>
  <testcase classname="Pages.EditOrder_In_TFK" name="ValidData_WithInsert_NegativeNumber_In_OrderNet" time="0.82"/>
  <testcase classname="Pages.EditOrder_In_TFK" name="ValidData_WithInsert_NegativeNumber_In_OrderShipping" time="0.818"/>
  <testcase classname="Pages.EditOrder_In_TFK" name="ValidData_WithInsert_NegativeNumber_In_OrderTax" time="1.243"/>
  <testcase classname="Pages.EditOrder_In_TFK" name="ValidData_WithInsert_NegativeNumber_In_OrderTotal" time="1.213"/>
  <testcase classname="Pages.EditOrder_In_TFK" name="ValidData_WithInsert_OrderCommission_GreaterThan_OrderNet" time="10.815"/>
  <testcase classname="Pages.EditOrder_In_TFK" name="ValidData_WithInsert_OrderCommission_GreaterThan_OrderTotal" time="10.668"/>
  <testcase classname="Pages.EditOrder_In_TFK" name="ValidData_WithInsert_OrderDiscount_GreaterThan_OrderNet" time="10.882"/>
  <testcase classname="Pages.EditOrder_In_TFK" name="ValidData_WithInsert_OrderDiscount_GreaterThan_OrderTotal" time="10.779"/>
  <testcase classname="Pages.EditOrder_In_TFK" name="ValidData_WithInsert_OrderNet_GreaterThan_OrderTotal" time="10.496"/>
  <testcase classname="Pages.EditOrder_In_TFK" name="ValidData_WithInsert_OrderShipping_GreaterThan_OrderNet" time="10.566"/>
  <testcase classname="Pages.EditOrder_In_TFK" name="ValidData_WithInsert_OrderShipping_GreaterThan_OrderTotal" time="10.512"/>
  <testcase classname="Pages.EditOrder_In_TFK" name="ValidData_WithInsert_OrderTax_GreaterThan_OrderNet" time="11.185"/>
  <testcase classname="Pages.EditOrder_In_TFK" name="ValidData_WithInsert_OrderTax_GreaterThan_OrderTotal" time="10.641"/>
  <testcase classname="Pages.EditOrder_In_TFK" name="ValidData_WithInsert_Zero_In_OrderCommission" time="10.623"/>
  <testcase classname="Pages.EditOrder_In_TFK" name="ValidData_WithInsert_Zero_In_OrderDiscount" time="11.096"/>
  <testcase classname="Pages.EditOrder_In_TFK" name="ValidData_WithInsert_Zero_In_OrderNet" time="10.535"/>
  <testcase classname="Pages.EditOrder_In_TFK" name="ValidData_WithInsert_Zero_In_OrderShipping" time="11.604"/>
  <testcase classname="Pages.EditOrder_In_TFK" name="ValidData_WithInsert_Zero_In_OrderTax" time="10.541"/>
  <testcase classname="Pages.EditOrder_In_TFK" name="ValidData_With_Insert_Zero_In_OrderTotal" time="10.65"/>
  <testcase classname="Pages.EditOrder_In_TFK" name="ValidData_Without_InsertData_In_OrderTotal" time="0.796"/>
  <testcase classname="Pages.EditOrder_In_TFK" name="ValidData_Without_insertDataIN_OrderCommission" time="0.832"/>
  <testcase classname="Pages.EditOrder_In_TFK" name="ValidData_Without_insertDataIN_OrderDiscount" time="1.098"/>
  <testcase classname="Pages.EditOrder_In_TFK" name="ValidData_Without_insertDataIN_OrderNet" time="0.901"/>
  <testcase classname="Pages.EditOrder_In_TFK" name="ValidData_Without_insertDataIN_OrderShipping" time="0.823"/>
  <testcase classname="Pages.EditOrder_In_TFK" name="ValidData_Without_insertDataIN_OrderTax" time="0.966"/>
</testsuite> <!-- Test -->
